[ 2016-01-17T13:58:04+08:00 ] 192.168.31.152 /ebxzj/index.php/__APP__/admin/Index/drag
INFO: [ app_init ] --START--
INFO: Run Behavior\BuildLiteBehavior [ RunTime:0.000014s ]
INFO: [ app_init ] --END-- [ RunTime:0.000294s ]
ERR: 无法加载模块:__APP__

[ 2016-01-17T13:58:04+08:00 ] 192.168.31.152 /ebxzj/index.php/__APP__/admin/Index/top
INFO: [ app_init ] --START--
INFO: Run Behavior\BuildLiteBehavior [ RunTime:0.000014s ]
INFO: [ app_init ] --END-- [ RunTime:0.000300s ]
ERR: 无法加载模块:__APP__

[ 2016-01-17T13:58:04+08:00 ] 192.168.31.152 /ebxzj/index.php/__APP__/admin/Index/right
INFO: [ app_init ] --START--
INFO: Run Behavior\BuildLiteBehavior [ RunTime:0.000011s ]
INFO: [ app_init ] --END-- [ RunTime:0.000243s ]
ERR: 无法加载模块:__APP__

[ 2016-01-17T13:58:04+08:00 ] 192.168.31.152 /ebxzj/index.php/__APP__/admin/Index/dragtop
INFO: [ app_init ] --START--
INFO: Run Behavior\BuildLiteBehavior [ RunTime:0.000009s ]
INFO: [ app_init ] --END-- [ RunTime:0.000171s ]
ERR: 无法加载模块:__APP__

[ 2016-01-17T13:58:04+08:00 ] 192.168.31.152 /ebxzj/index.php/__APP__/admin/Index/left
INFO: [ app_init ] --START--
INFO: Run Behavior\BuildLiteBehavior [ RunTime:0.000009s ]
INFO: [ app_init ] --END-- [ RunTime:0.000353s ]
ERR: 无法加载模块:__APP__

[ 2016-01-17T13:59:41+08:00 ] 192.168.31.152 /ebxzj/index.php/__APP__/admin/Index/left
INFO: [ app_init ] --START--
INFO: Run Behavior\BuildLiteBehavior [ RunTime:0.000008s ]
INFO: [ app_init ] --END-- [ RunTime:0.000172s ]
ERR: 无法加载模块:__APP__

[ 2016-01-17T13:59:41+08:00 ] 192.168.31.152 /ebxzj/index.php/__APP__/admin/Index/drag
INFO: [ app_init ] --START--
INFO: Run Behavior\BuildLiteBehavior [ RunTime:0.000008s ]
INFO: [ app_init ] --END-- [ RunTime:0.000168s ]
ERR: 无法加载模块:__APP__

[ 2016-01-17T13:59:41+08:00 ] 192.168.31.152 /ebxzj/index.php/__APP__/admin/Index/dragtop
INFO: [ app_init ] --START--
INFO: Run Behavior\BuildLiteBehavior [ RunTime:0.000008s ]
INFO: [ app_init ] --END-- [ RunTime:0.000165s ]
ERR: 无法加载模块:__APP__

[ 2016-01-17T13:59:41+08:00 ] 192.168.31.152 /ebxzj/index.php/__APP__/admin/Index/right
INFO: [ app_init ] --START--
INFO: Run Behavior\BuildLiteBehavior [ RunTime:0.000010s ]
INFO: [ app_init ] --END-- [ RunTime:0.000178s ]
ERR: 无法加载模块:__APP__

[ 2016-01-17T13:59:51+08:00 ] 192.168.31.152 /ebxzj/index.php/__APP__/admin/Index/dragtop
INFO: [ app_init ] --START--
INFO: Run Behavior\BuildLiteBehavior [ RunTime:0.000010s ]
INFO: [ app_init ] --END-- [ RunTime:0.000176s ]
ERR: 无法加载模块:__APP__

[ 2016-01-17T13:59:51+08:00 ] 192.168.31.152 /ebxzj/index.php/__APP__/admin/Index/right
INFO: [ app_init ] --START--
INFO: Run Behavior\BuildLiteBehavior [ RunTime:0.000010s ]
INFO: [ app_init ] --END-- [ RunTime:0.000175s ]
ERR: 无法加载模块:__APP__

[ 2016-01-17T13:59:51+08:00 ] 192.168.31.152 /ebxzj/index.php/__APP__/admin/Index/drag
INFO: [ app_init ] --START--
INFO: Run Behavior\BuildLiteBehavior [ RunTime:0.000011s ]
INFO: [ app_init ] --END-- [ RunTime:0.010002s ]
ERR: 无法加载模块:__APP__

[ 2016-01-17T14:12:27+08:00 ] 192.168.31.152 /ebxzj/index.php/Style/Js/jquery.js
INFO: [ app_init ] --START--
INFO: Run Behavior\BuildLiteBehavior [ RunTime:0.000009s ]
INFO: [ app_init ] --END-- [ RunTime:0.000166s ]
ERR: 无法加载模块:Style

[ 2016-01-17T14:14:46+08:00 ] 192.168.31.152 /ebxzj/index.php/Style/Js/jquery.js
INFO: [ app_init ] --START--
INFO: Run Behavior\BuildLiteBehavior [ RunTime:0.000008s ]
INFO: [ app_init ] --END-- [ RunTime:0.000168s ]
ERR: 无法加载模块:Style

[ 2016-01-17T14:15:18+08:00 ] 192.168.31.152 /ebxzj/index.php/Style/Js/jquery.js
INFO: [ app_init ] --START--
INFO: Run Behavior\BuildLiteBehavior [ RunTime:0.000009s ]
INFO: [ app_init ] --END-- [ RunTime:0.000170s ]
ERR: 无法加载模块:Style

[ 2016-01-17T14:15:20+08:00 ] 192.168.31.152 /ebxzj/index.php/Style/Js/jquery.js
INFO: [ app_init ] --START--
INFO: Run Behavior\BuildLiteBehavior [ RunTime:0.000010s ]
INFO: [ app_init ] --END-- [ RunTime:0.000210s ]
ERR: 无法加载模块:Style

[ 2016-01-17T14:31:04+08:00 ] 192.168.31.152 /ebxzj/index.php/Style/Js/jquery.js
INFO: [ app_init ] --START--
INFO: Run Behavior\BuildLiteBehavior [ RunTime:0.000009s ]
INFO: [ app_init ] --END-- [ RunTime:0.000168s ]
ERR: 无法加载模块:Style

[ 2016-01-17T14:32:18+08:00 ] 192.168.31.152 /ebxzj/index.php/Style/Js/jquery.js
INFO: [ app_init ] --START--
INFO: Run Behavior\BuildLiteBehavior [ RunTime:0.000015s ]
INFO: [ app_init ] --END-- [ RunTime:0.000299s ]
ERR: 无法加载模块:Style

[ 2016-01-17T14:32:25+08:00 ] 192.168.31.152 /ebxzj/index.php/Style/Js/jquery.js
INFO: [ app_init ] --START--
INFO: Run Behavior\BuildLiteBehavior [ RunTime:0.000009s ]
INFO: [ app_init ] --END-- [ RunTime:0.000181s ]
ERR: 无法加载模块:Style

[ 2016-01-17T14:33:14+08:00 ] 192.168.31.152 /ebxzj/index.php/Style/Js/jquery.js
INFO: [ app_init ] --START--
INFO: Run Behavior\BuildLiteBehavior [ RunTime:0.000008s ]
INFO: [ app_init ] --END-- [ RunTime:0.000179s ]
ERR: 无法加载模块:Style

[ 2016-01-17T14:33:33+08:00 ] 192.168.31.152 /ebxzj/index.php/Style/Js/jquery.js
INFO: [ app_init ] --START--
INFO: Run Behavior\BuildLiteBehavior [ RunTime:0.000008s ]
INFO: [ app_init ] --END-- [ RunTime:0.000165s ]
ERR: 无法加载模块:Style

[ 2016-01-17T14:35:13+08:00 ] 192.168.31.152 /ebxzj/index.php/Style/Js/jquery.js
INFO: [ app_init ] --START--
INFO: Run Behavior\BuildLiteBehavior [ RunTime:0.000011s ]
INFO: [ app_init ] --END-- [ RunTime:0.000237s ]
ERR: 无法加载模块:Style

[ 2016-01-17T14:38:09+08:00 ] 192.168.31.152 /ebxzj/index.php/Style/Js/jquery.js
INFO: [ app_init ] --START--
INFO: Run Behavior\BuildLiteBehavior [ RunTime:0.000008s ]
INFO: [ app_init ] --END-- [ RunTime:0.000159s ]
ERR: 无法加载模块:Style

[ 2016-01-17T14:38:18+08:00 ] 192.168.31.152 /ebxzj/index.php/Style/Js/jquery.js
INFO: [ app_init ] --START--
INFO: Run Behavior\BuildLiteBehavior [ RunTime:0.000009s ]
INFO: [ app_init ] --END-- [ RunTime:0.000167s ]
ERR: 无法加载模块:Style

[ 2016-01-17T14:57:57+08:00 ] 192.168.31.152 /ebxzj/index.php/Tool/imageverify/
INFO: [ app_init ] --START--
INFO: Run Behavior\BuildLiteBehavior [ RunTime:0.000036s ]
INFO: [ app_init ] --END-- [ RunTime:0.000898s ]
ERR: 无法加载模块:Tool

[ 2016-01-17T14:58:37+08:00 ] 192.168.31.152 /ebxzj/index.php/Tool/imageverify/
INFO: [ app_init ] --START--
INFO: Run Behavior\BuildLiteBehavior [ RunTime:0.000017s ]
INFO: [ app_init ] --END-- [ RunTime:0.000360s ]
ERR: 无法加载模块:Tool

[ 2016-01-17T15:26:44+08:00 ] 192.168.31.152 /ebxzj/index.php/Index/out
INFO: [ app_init ] --START--
INFO: Run Behavior\BuildLiteBehavior [ RunTime:0.000037s ]
INFO: [ app_init ] --END-- [ RunTime:0.000746s ]
ERR: 无法加载模块:Index

